<?xml version="1.0" encoding="UTF-8" ?>
<testsuite errors="1" failures="0" hostname="FITBIT-INC.bar2.SanFrancisco1.Level3.net" name="bhhc.bhhc003_ExpressPayment" skipped="0" tests="1" time="21.054" timestamp="2016-11-02T19:52:22">
  <properties>
[...]
</properties>
  <testcase classname="bhhc.bhhc003_ExpressPayment" name="ExpressPolicyPayment" time="20.929">
    <error message="Timed out after 10 seconds waiting for alert to be present&#xa;Build info: version: &apos;2.45.0&apos;, revision: &apos;5017cb8e7ca8e37638dc3091b2440b90a1d8686f&apos;, time: &apos;2015-02-27 09:10:26&apos;&#xa;System info: host: &apos;FITBIT-INC.bar2.SanFrancisco1.Level3.net&apos;, ip: &apos;192.168.101.149&apos;, os.name: &apos;Mac OS X&apos;, os.arch: &apos;x86_64&apos;, os.version: &apos;10.12.1&apos;, java.version: &apos;1.8.0_65&apos;&#xa;Driver info: org.openqa.selenium.chrome.ChromeDriver&#xa;Capabilities [{applicationCacheEnabled=false, rotatable=false, mobileEmulationEnabled=false, networkConnectionEnabled=false, chrome={chromedriverVersion=2.24.417412 (ac882d3ce7c0d99292439bf3405780058fcca0a6), userDataDir=/var/folders/8q/vvxz_q1d0v7c9g18whkld6bm0000gn/T/.org.chromium.Chromium.6NYtZw}, takesHeapSnapshot=true, pageLoadStrategy=normal, databaseEnabled=false, handlesAlerts=true, hasTouchScreen=false, version=54.0.2840.71, platform=MAC, browserConnectionEnabled=false, nativeEvents=true, acceptSslCerts=true, locationContextEnabled=true, webStorageEnabled=true, browserName=chrome, takesScreenshot=true, javascriptEnabled=true, cssSelectorsEnabled=true}]&#xa;Session ID: 62eb02b0c98855032db6f3d109356b74" type="org.openqa.selenium.TimeoutException">org.openqa.selenium.TimeoutException: Timed out after 10 seconds waiting for alert to be present
Build info: version: &apos;2.45.0&apos;, revision: &apos;5017cb8e7ca8e37638dc3091b2440b90a1d8686f&apos;, time: &apos;2015-02-27 09:10:26&apos;
System info: host: &apos;FITBIT-INC.bar2.SanFrancisco1.Level3.net&apos;, ip: &apos;192.168.101.149&apos;, os.name: &apos;Mac OS X&apos;, os.arch: &apos;x86_64&apos;, os.version: &apos;10.12.1&apos;, java.version: &apos;1.8.0_65&apos;
Driver info: org.openqa.selenium.chrome.ChromeDriver
Capabilities [{applicationCacheEnabled=false, rotatable=false, mobileEmulationEnabled=false, networkConnectionEnabled=false, chrome={chromedriverVersion=2.24.417412 (ac882d3ce7c0d99292439bf3405780058fcca0a6), userDataDir=/var/folders/8q/vvxz_q1d0v7c9g18whkld6bm0000gn/T/.org.chromium.Chromium.6NYtZw}, takesHeapSnapshot=true, pageLoadStrategy=normal, databaseEnabled=false, handlesAlerts=true, hasTouchScreen=false, version=54.0.2840.71, platform=MAC, browserConnectionEnabled=false, nativeEvents=true, acceptSslCerts=true, locationContextEnabled=true, webStorageEnabled=true, browserName=chrome, takesScreenshot=true, javascriptEnabled=true, cssSelectorsEnabled=true}]
Session ID: 62eb02b0c98855032db6f3d109356b74
	at org.openqa.selenium.support.ui.WebDriverWait.timeoutException(WebDriverWait.java:79)
	at org.openqa.selenium.support.ui.FluentWait.until(FluentWait.java:228)
	at bhhc.bhhc003_ExpressPayment.ExpressPolicyPayment(bhhc003_ExpressPayment.java:137)
</error>
  </testcase>
  <system-out><![CDATA[Running Regression Test bhhc003_ExpressPayment2016-11-02 12_52_22.214
log4j: reset attribute= "false".
log4j: Threshold ="null".
log4j: Level value for root is  [ERROR].
log4j: root level set to ERROR
log4j: Class name: [org.apache.log4j.ConsoleAppender]
log4j: Parsing layout of class: "org.apache.log4j.PatternLayout"
log4j: Setting property [conversionPattern] to [%d{yyyy-MM-dd HH:mm:ss} %-5p %c{1}:%L - %m%n].
log4j: Adding appender named [console] to category [root].
Finished Test Case
]]></system-out>
  <system-err><![CDATA[log4j:WARN No appenders could be found for logger (org.apache.log4j.Logger).
log4j:WARN Please initialize the log4j system properly.
log4j:WARN See http://logging.apache.org/log4j/1.2/faq.html#noconfig for more info.
Starting ChromeDriver 2.24.417412 (ac882d3ce7c0d99292439bf3405780058fcca0a6) on port 14466
Only local connections are allowed.
Starting ChromeDriver 2.24.417412 (ac882d3ce7c0d99292439bf3405780058fcca0a6) on port 7019
Only local connections are allowed.
]]></system-err>
</testsuite>
