<?xml version="1.0" encoding="UTF-8"?>
<testng-results skipped="0" failed="0" total="1" passed="1">
  <reporter-output>
  </reporter-output>
  <suite name="Default suite" duration-ms="2979" started-at="2017-11-01T02:08:06Z" finished-at="2017-11-01T02:08:09Z">
    <groups>
    </groups>
    <test name="Default test" duration-ms="2979" started-at="2017-11-01T02:08:06Z" finished-at="2017-11-01T02:08:09Z">
      <class name="DataDriver.ReadDataTest">
        <test-method status="PASS" signature="EnvironmentalSetup()[pri:0, instance:DataDriver.ReadDataTest@769a1df5]" name="EnvironmentalSetup" is-config="true" duration-ms="2955" started-at="2017-10-31T19:08:06Z" finished-at="2017-10-31T19:08:09Z">
          <reporter-output>
          </reporter-output>
        </test-method> <!-- EnvironmentalSetup -->
        <test-method status="PASS" signature="GmailLoginPage()[pri:0, instance:DataDriver.ReadDataTest@769a1df5]" name="GmailLoginPage" duration-ms="5" started-at="2017-10-31T19:08:09Z" finished-at="2017-10-31T19:08:09Z">
          <reporter-output>
          </reporter-output>
        </test-method> <!-- GmailLoginPage -->
      </class> <!-- DataDriver.ReadDataTest -->
    </test> <!-- Default test -->
  </suite> <!-- Default suite -->
</testng-results>
